<?xml version="1.0" encoding="UTF-8"?>
<!-- Generated by org.testng.reporters.JUnitReportReporter -->
<testsuite skipped="0" hostname="CBT-MH-000" name="project_tweet.First_tweet" tests="1" failures="0" timestamp="26 Oct 2019 10:22:21 GMT" time="5.241" errors="0">
  <testcase name="postTweet" time="5.241" classname="project_tweet.First_tweet"/>
</testsuite> <!-- project_tweet.First_tweet -->
