<?xml version="1.0" encoding="UTF-8"?>
<!-- Generated by org.testng.reporters.JUnitReportReporter -->
<testsuite skipped="0" hostname="CBT-MH-000" name="project_tweet.Create_tweet" tests="1" failures="0" timestamp="30 Oct 2019 11:22:15 GMT" time="6.871" errors="0">
  <testcase name="postTweet" time="6.871" classname="project_tweet.Create_tweet"/>
</testsuite> <!-- project_tweet.Create_tweet -->
