<?xml version="1.0" encoding="UTF-8"?>
<!-- Generated by org.testng.reporters.JUnitReportReporter -->
<testsuite skipped="0" hostname="CBT-MH-000" name="project_tweet.Fourth_Tweet" tests="1" failures="0" timestamp="26 Oct 2019 10:01:22 GMT" time="4.746" errors="0">
  <testcase name="usernameTweet" time="4.746" classname="project_tweet.Fourth_Tweet"/>
</testsuite> <!-- project_tweet.Fourth_Tweet -->
