<?xml version="1.0" encoding="UTF-8"?>
<!-- Generated by org.testng.reporters.JUnitReportReporter -->
<testsuite skipped="0" hostname="CBT-MH-000" name="project_tweet.Weather_Report" tests="1" failures="0" timestamp="30 Oct 2019 11:22:15 GMT" time="0.751" errors="0">
  <testcase name="usernameTweet" time="0.751" classname="project_tweet.Weather_Report"/>
</testsuite> <!-- project_tweet.Weather_Report -->
