<?xml version="1.0" encoding="UTF-8"?>
<!-- Generated by org.testng.reporters.JUnitReportReporter -->
<testsuite skipped="0" hostname="CBT-MH-000" name="project_tweet.Eight_Tweet" tests="1" failures="0" timestamp="26 Oct 2019 10:27:53 GMT" time="4.521" errors="0">
  <testcase name="getTweet" time="4.521" classname="project_tweet.Eight_Tweet"/>
</testsuite> <!-- project_tweet.Eight_Tweet -->
