<?xml version="1.0" encoding="UTF-8"?>
<!-- Generated by org.testng.reporters.JUnitReportReporter -->
<testsuite skipped="0" hostname="CBT-MH-000" name="project_tweet.Search_Tweet" tests="1" failures="0" timestamp="31 Oct 2019 06:25:02 GMT" time="5.874" errors="0">
  <testcase name="searchTweet" time="5.874" classname="project_tweet.Search_Tweet"/>
</testsuite> <!-- project_tweet.Search_Tweet -->
