<?xml version="1.0" encoding="UTF-8"?>
<!-- Generated by org.testng.reporters.JUnitReportReporter -->
<testsuite skipped="0" hostname="CBT-MH-000" name="project_tweet.User_Name" tests="1" failures="0" timestamp="31 Oct 2019 06:46:21 GMT" time="6.272" errors="0">
  <testcase name="usernameTweet" time="6.272" classname="project_tweet.User_Name"/>
</testsuite> <!-- project_tweet.User_Name -->
