<?xml version="1.0" encoding="UTF-8"?>
<!-- Generated by org.testng.reporters.JUnitReportReporter -->
<testsuite skipped="0" hostname="CBT-MH-000" name="project_tweet.Blocking_user" tests="1" failures="0" timestamp="30 Oct 2019 11:22:15 GMT" time="0.786" errors="0">
  <testcase name="getTweet" time="0.786" classname="project_tweet.Blocking_user"/>
</testsuite> <!-- project_tweet.Blocking_user -->
