<?xml version="1.0" encoding="UTF-8"?>
<!-- Generated by org.testng.reporters.JUnitReportReporter -->
<testsuite skipped="0" hostname="CBT-MH-000" name="project_tweet.Sixth_tweet" tests="1" failures="0" timestamp="25 Oct 2019 11:54:44 GMT" time="2.175" errors="0">
  <testcase name="triendingTweet" time="2.175" classname="project_tweet.Sixth_tweet"/>
</testsuite> <!-- project_tweet.Sixth_tweet -->
