<?xml version="1.0" encoding="UTF-8"?>
<!-- Generated by org.testng.reporters.JUnitReportReporter -->
<testsuite skipped="0" hostname="CBT-MH-000" name="project_tweet.Fifth_Tweet" tests="1" failures="0" timestamp="26 Oct 2019 10:50:52 GMT" time="7.320" errors="0">
  <testcase name="allTweets" time="7.320" classname="project_tweet.Fifth_Tweet"/>
</testsuite> <!-- project_tweet.Fifth_Tweet -->
