<?xml version="1.0" encoding="UTF-8"?>
<!-- Generated by org.testng.reporters.JUnitReportReporter -->
<testsuite skipped="0" hostname="CBT-MH-000" name="project_tweet.All_Tweets" tests="1" failures="0" timestamp="30 Oct 2019 11:22:15 GMT" time="0.871" errors="0">
  <testcase name="allTweets" time="0.871" classname="project_tweet.All_Tweets"/>
</testsuite> <!-- project_tweet.All_Tweets -->
